<?xml version="1.0" encoding="UTF-8"?>
<!-- Generated by org.testng.reporters.JUnitXMLReporter -->
<testsuite ignored="0" hostname="DESKTOP-DJ4FDME" failures="0" tests="3" name="Default test" time="17.079" errors="0" timestamp="2024-09-12T19:28:06 IST">
  <testcase classname="org.wipro.automation.amazon.testcases.LoginScenario_ddf" name="tc01_loginfunc_validcredential" time="0.452"/>
  <testcase classname="org.wipro.automation.amazon.testcases.LoginScenario_ddf" name="tc01_loginfunc_validcredential" time="0.514"/>
  <testcase classname="org.wipro.automation.amazon.testcases.LoginScenario_ddf" name="tc01_loginfunc_validcredential" time="0.588"/>
</testsuite> <!-- Default test -->
