<?xml version="1.0" encoding="UTF-8"?>
<!-- Generated by org.testng.reporters.JUnitXMLReporter -->
<testsuite ignored="1" hostname="DESKTOP-DJ4FDME" failures="0" tests="1" name="Test" time="7.137" errors="0" timestamp="2024-09-10T19:52:39 IST">
  <testcase classname="org.xyz.automation.fb.HandleAlertsFrames" name="handleMouse" time="7.057"/>
  <testcase classname="org.xyz.automation.fb.HandleAlertsFrames" name="handlekeyboard" time="0.0">
    <ignored/>
  </testcase> <!-- handlekeyboard -->
</testsuite> <!-- Test -->
