<?xml version="1.0" encoding="UTF-8"?>
<!-- Generated by org.testng.reporters.JUnitXMLReporter -->
<testsuite ignored="30" hostname="DESKTOP-DJ4FDME" failures="6" tests="6" name="Test(failed)" time="0.127" errors="0" timestamp="2024-08-23T19:56:50 IST">
  <testcase classname="testNGDemo.TestScenario9" name="sixth_testcase" time="0.022">
    <failure type="java.lang.AssertionError" message="expected [Hello world] but found [Hello]">
      <![CDATA[java.lang.AssertionError: expected [Hello world] but found [Hello]
at testNGDemo.TestScenario9.sixth_testcase(TestScenario9.java:44)
at java.base/java.util.ArrayList.forEach(ArrayList.java:1511)
... Removed 33 stack frames]]>
    </failure>
  </testcase> <!-- sixth_testcase -->
  <testcase classname="testNGDemo.TestScenario6" name="fifth_testcase" time="0.002">
    <failure type="java.lang.AssertionError" message="expected [Testing] but found [Test]">
      <![CDATA[java.lang.AssertionError: expected [Testing] but found [Test]
at testNGDemo.TestScenario6.fifth_testcase(TestScenario6.java:37)
at java.base/java.util.ArrayList.forEach(ArrayList.java:1511)
... Removed 33 stack frames]]>
    </failure>
  </testcase> <!-- fifth_testcase -->
  <testcase classname="testNGDemo.TestScenario3" name="sixth_testcase" time="0.002">
    <failure type="java.lang.AssertionError" message="expected [Testing] but found [Test]">
      <![CDATA[java.lang.AssertionError: expected [Testing] but found [Test]
at testNGDemo.TestScenario3.sixth_testcase(TestScenario3.java:44)
at java.base/java.util.ArrayList.forEach(ArrayList.java:1511)
... Removed 33 stack frames]]>
    </failure>
  </testcase> <!-- sixth_testcase -->
  <testcase classname="testNGDemo.TestScenario7" name="forth_testcase" time="0.002">
    <failure type="java.lang.AssertionError" message="expected [Hello world] but found [Hello]">
      <![CDATA[java.lang.AssertionError: expected [Hello world] but found [Hello]
at testNGDemo.TestScenario7.forth_testcase(TestScenario7.java:31)
at java.base/java.util.ArrayList.forEach(ArrayList.java:1511)
... Removed 33 stack frames]]>
    </failure>
  </testcase> <!-- forth_testcase -->
  <testcase classname="testNGDemo.TestScenario5" name="third_testcase" time="0.001">
    <failure type="java.lang.AssertionError" message="expected [Testing] but found [Test]">
      <![CDATA[java.lang.AssertionError: expected [Testing] but found [Test]
at testNGDemo.TestScenario5.third_testcase(TestScenario5.java:25)
at java.base/java.util.ArrayList.forEach(ArrayList.java:1511)
... Removed 33 stack frames]]>
    </failure>
  </testcase> <!-- third_testcase -->
  <testcase classname="testNGDemo.TestScenario" name="first_testcase" time="0.001">
    <failure type="java.lang.AssertionError" message="expected [45] but found [43]">
      <![CDATA[java.lang.AssertionError: expected [45] but found [43]
at testNGDemo.TestScenario.first_testcase(TestScenario.java:16)
at java.base/java.util.ArrayList.forEach(ArrayList.java:1511)
... Removed 34 stack frames]]>
    </failure>
  </testcase> <!-- first_testcase -->
  <testcase classname="testNGDemo.TestScenario7" name="first_testcase" time="0.0">
    <ignored/>
  </testcase> <!-- first_testcase -->
  <testcase classname="testNGDemo.TestScenario5" name="second_testcase" time="0.0">
    <ignored/>
  </testcase> <!-- second_testcase -->
  <testcase classname="testNGDemo.TestScenario3" name="fifth_testcase" time="0.0">
    <ignored/>
  </testcase> <!-- fifth_testcase -->
  <testcase classname="testNGDemo.TestScenario9" name="second_testcase" time="0.0">
    <ignored/>
  </testcase> <!-- second_testcase -->
  <testcase classname="testNGDemo.TestScenario9" name="third_testcase" time="0.0">
    <ignored/>
  </testcase> <!-- third_testcase -->
  <testcase classname="testNGDemo.TestScenario3" name="forth_testcase" time="0.0">
    <ignored/>
  </testcase> <!-- forth_testcase -->
  <testcase classname="testNGDemo.TestScenario7" name="second_testcase" time="0.0">
    <ignored/>
  </testcase> <!-- second_testcase -->
  <testcase classname="testNGDemo.TestScenario6" name="forth_testcase" time="0.0">
    <ignored/>
  </testcase> <!-- forth_testcase -->
  <testcase classname="testNGDemo.TestScenario5" name="first_testcase" time="0.0">
    <ignored/>
  </testcase> <!-- first_testcase -->
  <testcase classname="testNGDemo.TestScenario9" name="first_testcase" time="0.0">
    <ignored/>
  </testcase> <!-- first_testcase -->
  <testcase classname="testNGDemo.TestScenario6" name="sixth_testcase" time="0.0">
    <ignored/>
  </testcase> <!-- sixth_testcase -->
  <testcase classname="testNGDemo.TestScenario6" name="first_testcase" time="0.0">
    <ignored/>
  </testcase> <!-- first_testcase -->
  <testcase classname="testNGDemo.TestScenario" name="second_testcase" time="0.0">
    <ignored/>
  </testcase> <!-- second_testcase -->
  <testcase classname="testNGDemo.TestScenario9" name="fifth_testcase" time="0.0">
    <ignored/>
  </testcase> <!-- fifth_testcase -->
  <testcase classname="testNGDemo.TestScenario3" name="second_testcase" time="0.0">
    <ignored/>
  </testcase> <!-- second_testcase -->
  <testcase classname="testNGDemo.TestScenario5" name="sixth_testcase" time="0.0">
    <ignored/>
  </testcase> <!-- sixth_testcase -->
  <testcase classname="testNGDemo.TestScenario9" name="forth_testcase" time="0.0">
    <ignored/>
  </testcase> <!-- forth_testcase -->
  <testcase classname="testNGDemo.TestScenario3" name="third_testcase" time="0.0">
    <ignored/>
  </testcase> <!-- third_testcase -->
  <testcase classname="testNGDemo.TestScenario5" name="fifth_testcase" time="0.0">
    <ignored/>
  </testcase> <!-- fifth_testcase -->
  <testcase classname="testNGDemo.TestScenario6" name="third_testcase" time="0.0">
    <ignored/>
  </testcase> <!-- third_testcase -->
  <testcase classname="testNGDemo.TestScenario" name="fifth_testcase" time="0.0">
    <ignored/>
  </testcase> <!-- fifth_testcase -->
  <testcase classname="testNGDemo.TestScenario" name="sixth_testcase" time="0.0">
    <ignored/>
  </testcase> <!-- sixth_testcase -->
  <testcase classname="testNGDemo.TestScenario3" name="first_testcase" time="0.0">
    <ignored/>
  </testcase> <!-- first_testcase -->
  <testcase classname="testNGDemo.TestScenario" name="third_testcase" time="0.0">
    <ignored/>
  </testcase> <!-- third_testcase -->
  <testcase classname="testNGDemo.TestScenario" name="forth_testcase" time="0.0">
    <ignored/>
  </testcase> <!-- forth_testcase -->
  <testcase classname="testNGDemo.TestScenario7" name="third_testcase" time="0.0">
    <ignored/>
  </testcase> <!-- third_testcase -->
  <testcase classname="testNGDemo.TestScenario6" name="second_testcase" time="0.0">
    <ignored/>
  </testcase> <!-- second_testcase -->
  <testcase classname="testNGDemo.TestScenario7" name="fifth_testcase" time="0.0">
    <ignored/>
  </testcase> <!-- fifth_testcase -->
  <testcase classname="testNGDemo.TestScenario5" name="forth_testcase" time="0.0">
    <ignored/>
  </testcase> <!-- forth_testcase -->
  <testcase classname="testNGDemo.TestScenario7" name="sixth_testcase" time="0.0">
    <ignored/>
  </testcase> <!-- sixth_testcase -->
</testsuite> <!-- Test(failed) -->
