<?xml version="1.0" encoding="UTF-8"?>
<testng-results ignored="0" total="3" passed="3" failed="0" skipped="0">
  <reporter-output>
  </reporter-output>
  <suite started-at="2024-09-12T19:27:49 IST" name="Default suite" finished-at="2024-09-12T19:28:06 IST" duration-ms="17079">
    <groups>
    </groups>
    <test started-at="2024-09-12T19:27:49 IST" name="Default test" finished-at="2024-09-12T19:28:06 IST" duration-ms="17079">
      <class name="org.wipro.automation.amazon.testcases.LoginScenario_ddf">
        <test-method is-config="true" signature="launchBrowser()[pri:0, instance:org.wipro.automation.amazon.testcases.LoginScenario_ddf@791f145a]" started-at="2024-09-12T19:27:49 IST" name="launchBrowser" finished-at="2024-09-12T19:27:54 IST" duration-ms="5418" status="PASS">
          <reporter-output>
          </reporter-output>
        </test-method> <!-- launchBrowser -->
        <test-method signature="tc01_loginfunc_validcredential(java.lang.String,java.lang.String)[pri:0, instance:org.wipro.automation.amazon.testcases.LoginScenario_ddf@791f145a]" started-at="2024-09-12T19:27:54 IST" name="tc01_loginfunc_validcredential" data-provider="ddfdata" finished-at="2024-09-12T19:27:55 IST" duration-ms="452" status="PASS">
          <params>
            <param index="0">
              <value>
                <![CDATA[user1]]>
              </value>
            </param>
            <param index="1">
              <value>
                <![CDATA[pass1]]>
              </value>
            </param>
          </params>
          <reporter-output>
          </reporter-output>
        </test-method> <!-- tc01_loginfunc_validcredential -->
        <test-method is-config="true" signature="closeBrowswr()[pri:0, instance:org.wipro.automation.amazon.testcases.LoginScenario_ddf@791f145a]" started-at="2024-09-12T19:27:55 IST" name="closeBrowswr" finished-at="2024-09-12T19:27:55 IST" duration-ms="0" status="PASS">
          <reporter-output>
          </reporter-output>
        </test-method> <!-- closeBrowswr -->
        <test-method is-config="true" signature="launchBrowser()[pri:0, instance:org.wipro.automation.amazon.testcases.LoginScenario_ddf@791f145a]" started-at="2024-09-12T19:27:55 IST" name="launchBrowser" finished-at="2024-09-12T19:28:00 IST" duration-ms="5069" status="PASS">
          <reporter-output>
          </reporter-output>
        </test-method> <!-- launchBrowser -->
        <test-method signature="tc01_loginfunc_validcredential(java.lang.String,java.lang.String)[pri:0, instance:org.wipro.automation.amazon.testcases.LoginScenario_ddf@791f145a]" started-at="2024-09-12T19:28:00 IST" name="tc01_loginfunc_validcredential" data-provider="ddfdata" finished-at="2024-09-12T19:28:00 IST" duration-ms="514" status="PASS">
          <params>
            <param index="0">
              <value>
                <![CDATA[user2]]>
              </value>
            </param>
            <param index="1">
              <value>
                <![CDATA[pass2]]>
              </value>
            </param>
          </params>
          <reporter-output>
          </reporter-output>
        </test-method> <!-- tc01_loginfunc_validcredential -->
        <test-method is-config="true" signature="closeBrowswr()[pri:0, instance:org.wipro.automation.amazon.testcases.LoginScenario_ddf@791f145a]" started-at="2024-09-12T19:28:00 IST" name="closeBrowswr" finished-at="2024-09-12T19:28:00 IST" duration-ms="1" status="PASS">
          <reporter-output>
          </reporter-output>
        </test-method> <!-- closeBrowswr -->
        <test-method is-config="true" signature="launchBrowser()[pri:0, instance:org.wipro.automation.amazon.testcases.LoginScenario_ddf@791f145a]" started-at="2024-09-12T19:28:00 IST" name="launchBrowser" finished-at="2024-09-12T19:28:05 IST" duration-ms="4941" status="PASS">
          <reporter-output>
          </reporter-output>
        </test-method> <!-- launchBrowser -->
        <test-method signature="tc01_loginfunc_validcredential(java.lang.String,java.lang.String)[pri:0, instance:org.wipro.automation.amazon.testcases.LoginScenario_ddf@791f145a]" started-at="2024-09-12T19:28:05 IST" name="tc01_loginfunc_validcredential" data-provider="ddfdata" finished-at="2024-09-12T19:28:06 IST" duration-ms="588" status="PASS">
          <params>
            <param index="0">
              <value>
                <![CDATA[user3]]>
              </value>
            </param>
            <param index="1">
              <value>
                <![CDATA[pass3]]>
              </value>
            </param>
          </params>
          <reporter-output>
          </reporter-output>
        </test-method> <!-- tc01_loginfunc_validcredential -->
        <test-method is-config="true" signature="closeBrowswr()[pri:0, instance:org.wipro.automation.amazon.testcases.LoginScenario_ddf@791f145a]" started-at="2024-09-12T19:28:06 IST" name="closeBrowswr" finished-at="2024-09-12T19:28:06 IST" duration-ms="2" status="PASS">
          <reporter-output>
          </reporter-output>
        </test-method> <!-- closeBrowswr -->
      </class> <!-- org.wipro.automation.amazon.testcases.LoginScenario_ddf -->
    </test> <!-- Default test -->
  </suite> <!-- Default suite -->
</testng-results>
